app/build/outputs/logs/manifest-merger-aV5-debug-report.txt
-- Merging decision tree log ---
manifest
ADDED from AndroidManifest.xml:2:1
	package
		ADDED from AndroidManifest.xml:3:11
	android:versionName
		ADDED from AndroidManifest.xml:6:11
	android:versionCode
		ADDED from AndroidManifest.xml:5:11
		INJECTED from AndroidManifest.xml:0:0
		INJECTED from AndroidManifest.xml:0:0
	xmlns:android
		ADDED from AndroidManifest.xml:2:11
	android:installLocation
		ADDED from AndroidManifest.xml:4:11
uses-sdk
ADDED from AndroidManifest.xml:8:5
MERGED from com.viewpagerindicator:library:2.4.1:3:5
MERGED from com.android.support:appcompat-v7:19.0.1:18:5
MERGED from textfairy.tess-two:tess-two:unspecified:22:5
MERGED from com.android.support:cardview-v7:21.0.3:15:5
MERGED from com.crashlytics.sdk.android:crashlytics:2.4.0:7:5
MERGED from io.fabric.sdk.android:fabric:1.3.4:23:5
MERGED from com.crashlytics.sdk.android:crashlytics-core:2.3.3:7:5
MERGED from io.fabric.sdk.android:fabric:1.3.4:23:5
MERGED from com.crashlytics.sdk.android:answers:1.2.2:7:5
MERGED from io.fabric.sdk.android:fabric:1.3.4:23:5
MERGED from com.crashlytics.sdk.android:beta:1.1.3:7:5
MERGED from io.fabric.sdk.android:fabric:1.3.4:23:5
MERGED from com.crashlytics.sdk.android:answers:1.2.2:7:5
MERGED from io.fabric.sdk.android:fabric:1.3.4:23:5
MERGED from com.squareup.leakcanary:leakcanary-android:1.3.1:20:5
	android:targetSdkVersion
		ADDED from AndroidManifest.xml:10:13
	android:minSdkVersion
		ADDED from AndroidManifest.xml:9:13
uses-permission#android.permission.WRITE_EXTERNAL_STORAGE
ADDED from AndroidManifest.xml:12:5
MERGED from com.squareup.leakcanary:leakcanary-android:1.3.1:25:5
	android:name
		ADDED from AndroidManifest.xml:12:22
uses-permission#android.permission.INTERNET
ADDED from AndroidManifest.xml:13:5
MERGED from com.crashlytics.sdk.android:crashlytics:2.4.0:9:5
MERGED from com.crashlytics.sdk.android:crashlytics-core:2.3.3:9:5
	android:name
		ADDED from AndroidManifest.xml:13:22
application
ADDED from AndroidManifest.xml:15:5
MERGED from com.android.support:appcompat-v7:19.0.1:19:5
MERGED from com.android.support:cardview-v7:21.0.3:16:5
MERGED from com.crashlytics.sdk.android:crashlytics:2.4.0:11:5
MERGED from io.fabric.sdk.android:fabric:1.3.4:25:5
MERGED from com.crashlytics.sdk.android:crashlytics-core:2.3.3:11:5
MERGED from io.fabric.sdk.android:fabric:1.3.4:25:5
MERGED from com.crashlytics.sdk.android:answers:1.2.2:9:5
MERGED from io.fabric.sdk.android:fabric:1.3.4:25:5
MERGED from com.crashlytics.sdk.android:beta:1.1.3:9:5
MERGED from io.fabric.sdk.android:fabric:1.3.4:25:5
MERGED from com.crashlytics.sdk.android:answers:1.2.2:9:5
MERGED from io.fabric.sdk.android:fabric:1.3.4:25:5
MERGED from com.squareup.leakcanary:leakcanary-android:1.3.1:27:5
	android:hasCode
		ADDED from AndroidManifest.xml:20:13
	android:label
		ADDED from AndroidManifest.xml:23:13
	android:hardwareAccelerated
		ADDED from AndroidManifest.xml:19:13
	android:allowBackup
		ADDED from AndroidManifest.xml:18:13
	android:icon
		ADDED from AndroidManifest.xml:21:13
	android:installLocation
		ADDED from AndroidManifest.xml:22:13
	android:largeHeap
		ADDED from AndroidManifest.xml:16:13
	android:theme
		ADDED from AndroidManifest.xml:24:13
	android:name
		ADDED from AndroidManifest.xml:17:13
provider#android.support.v4.content.FileProvider
ADDED from AndroidManifest.xml:25:9
	android:authorities
		ADDED from AndroidManifest.xml:27:17
	android:grantUriPermissions
		ADDED from AndroidManifest.xml:28:17
	android:exported
		ADDED from AndroidManifest.xml:29:17
	android:name
		ADDED from AndroidManifest.xml:26:17
meta-data#android.support.FILE_PROVIDER_PATHS
ADDED from AndroidManifest.xml:30:13
	android:resource
		ADDED from AndroidManifest.xml:32:21
	android:name
		ADDED from AndroidManifest.xml:31:21
provider#com.renard.ocr.DocumentContentProvider
ADDED from AndroidManifest.xml:34:9
	android:authorities
		ADDED from AndroidManifest.xml:36:17
	android:exported
		ADDED from AndroidManifest.xml:37:17
	android:name
		ADDED from AndroidManifest.xml:35:17
activity#com.renard.ocr.OCRActivity
ADDED from AndroidManifest.xml:40:9
	android:launchMode
		ADDED from AndroidManifest.xml:42:17
	android:logo
		ADDED from AndroidManifest.xml:43:17
	android:name
		ADDED from AndroidManifest.xml:41:17
activity#com.renard.documentview.DocumentActivity
ADDED from AndroidManifest.xml:44:9
	android:label
		ADDED from AndroidManifest.xml:47:17
	android:launchMode
		ADDED from AndroidManifest.xml:48:17
	android:windowSoftInputMode
		ADDED from AndroidManifest.xml:50:17
	android:configChanges
		ADDED from AndroidManifest.xml:46:17
	android:logo
		ADDED from AndroidManifest.xml:49:17
	android:name
		ADDED from AndroidManifest.xml:45:17
meta-data#android.support.PARENT_ACTIVITY
ADDED from AndroidManifest.xml:51:13
	android:value
		ADDED from AndroidManifest.xml:53:21
	android:name
		ADDED from AndroidManifest.xml:52:21
activity#com.renard.documentview.TextOptionsActivity
ADDED from AndroidManifest.xml:56:9
	android:label
		ADDED from AndroidManifest.xml:59:17
	android:logo
		ADDED from AndroidManifest.xml:57:17
	android:name
		ADDED from AndroidManifest.xml:58:17
activity#com.renard.ocr.help.HelpActivity
ADDED from AndroidManifest.xml:60:9
	android:label
		ADDED from AndroidManifest.xml:62:17
	android:logo
		ADDED from AndroidManifest.xml:63:17
	android:name
		ADDED from AndroidManifest.xml:61:17
activity#com.renard.ocr.help.OCRLanguageActivity
ADDED from AndroidManifest.xml:68:9
	android:label
		ADDED from AndroidManifest.xml:70:17
	android:logo
		ADDED from AndroidManifest.xml:71:17
	android:name
		ADDED from AndroidManifest.xml:69:17
activity#com.renard.documentview.TableOfContentsActivity
ADDED from AndroidManifest.xml:76:9
	android:label
		ADDED from AndroidManifest.xml:78:17
	android:logo
		ADDED from AndroidManifest.xml:79:17
	android:name
		ADDED from AndroidManifest.xml:77:17
activity#com.renard.install.InstallActivity
ADDED from AndroidManifest.xml:84:9
	android:label
		ADDED from AndroidManifest.xml:86:17
	android:theme
		ADDED from AndroidManifest.xml:87:17
	android:name
		ADDED from AndroidManifest.xml:85:17
activity#com.renard.ocr.cropimage.CropImageActivity
ADDED from AndroidManifest.xml:88:9
	android:label
		ADDED from AndroidManifest.xml:91:17
	android:configChanges
		ADDED from AndroidManifest.xml:90:17
	android:uiOptions
		ADDED from AndroidManifest.xml:93:17
	android:logo
		ADDED from AndroidManifest.xml:92:17
	android:name
		ADDED from AndroidManifest.xml:89:17
activity#com.renard.ocr.DocumentGridActivity
ADDED from AndroidManifest.xml:94:9
	android:label
		ADDED from AndroidManifest.xml:97:17
	android:hardwareAccelerated
		ADDED from AndroidManifest.xml:96:17
	android:launchMode
		ADDED from AndroidManifest.xml:98:17
	android:logo
		ADDED from AndroidManifest.xml:99:17
	android:name
		ADDED from AndroidManifest.xml:95:17
intent-filter#android.intent.action.MAIN+android.intent.category.LAUNCHER
ADDED from AndroidManifest.xml:100:13
action#android.intent.action.MAIN
ADDED from AndroidManifest.xml:101:17
	android:name
		ADDED from AndroidManifest.xml:101:25
category#android.intent.category.LAUNCHER
ADDED from AndroidManifest.xml:103:17
	android:name
		ADDED from AndroidManifest.xml:103:27
intent-filter#android.intent.action.SEND+android.intent.category.DEFAULT
ADDED from AndroidManifest.xml:105:13
action#android.intent.action.SEND
ADDED from AndroidManifest.xml:106:17
	android:name
		ADDED from AndroidManifest.xml:106:25
category#android.intent.category.DEFAULT
ADDED from AndroidManifest.xml:108:17
	android:name
		ADDED from AndroidManifest.xml:108:27
data
ADDED from AndroidManifest.xml:110:17
	android:mimeType
		ADDED from AndroidManifest.xml:110:23
service#com.renard.ocr.help.OCRLanguageInstallService
ADDED from AndroidManifest.xml:117:9
	android:name
		ADDED from AndroidManifest.xml:117:18
receiver#com.renard.ocr.help.DownloadBroadCastReceiver
ADDED from AndroidManifest.xml:119:9
	android:name
		ADDED from AndroidManifest.xml:119:19
intent-filter#android.intent.action.DOWNLOAD_COMPLETE
ADDED from AndroidManifest.xml:120:13
action#android.intent.action.DOWNLOAD_COMPLETE
ADDED from AndroidManifest.xml:121:17
	android:name
		ADDED from AndroidManifest.xml:121:25
activity#com.renard.ocr.help.ContactActivity
ADDED from AndroidManifest.xml:125:9
	android:label
		ADDED from AndroidManifest.xml:128:17
	android:logo
		ADDED from AndroidManifest.xml:126:17
	android:name
		ADDED from AndroidManifest.xml:127:17
activity#com.renard.ocr.help.LicenseActivity
ADDED from AndroidManifest.xml:133:9
	android:label
		ADDED from AndroidManifest.xml:136:17
	android:logo
		ADDED from AndroidManifest.xml:134:17
	android:name
		ADDED from AndroidManifest.xml:135:17
activity#com.renard.ocr.help.ContributeActivity
ADDED from AndroidManifest.xml:141:9
	android:label
		ADDED from AndroidManifest.xml:144:17
	android:logo
		ADDED from AndroidManifest.xml:142:17
	android:name
		ADDED from AndroidManifest.xml:143:17
activity#com.renard.ocr.help.BetaTestActivity
ADDED from AndroidManifest.xml:149:9
	android:label
		ADDED from AndroidManifest.xml:152:17
	android:logo
		ADDED from AndroidManifest.xml:150:17
	android:name
		ADDED from AndroidManifest.xml:151:17
activity#com.renard.ocr.help.AboutActivity
ADDED from AndroidManifest.xml:157:9
	android:label
		ADDED from AndroidManifest.xml:160:17
	android:logo
		ADDED from AndroidManifest.xml:158:17
	android:name
		ADDED from AndroidManifest.xml:159:17
meta-data#io.fabric.ApiKey
ADDED from AndroidManifest.xml:165:9
	android:value
		ADDED from AndroidManifest.xml:167:13
	android:name
		ADDED from AndroidManifest.xml:166:13
service#com.squareup.leakcanary.internal.HeapAnalyzerService
ADDED from com.squareup.leakcanary:leakcanary-android:1.3.1:28:9
	android:enabled
		ADDED from com.squareup.leakcanary:leakcanary-android:1.3.1:30:13
	android:process
		ADDED from com.squareup.leakcanary:leakcanary-android:1.3.1:31:13
	android:name
		ADDED from com.squareup.leakcanary:leakcanary-android:1.3.1:29:13
service#com.squareup.leakcanary.DisplayLeakService
ADDED from com.squareup.leakcanary:leakcanary-android:1.3.1:32:9
	android:enabled
		ADDED from com.squareup.leakcanary:leakcanary-android:1.3.1:34:13
	android:name
		ADDED from com.squareup.leakcanary:leakcanary-android:1.3.1:33:13
activity#com.squareup.leakcanary.internal.DisplayLeakActivity
ADDED from com.squareup.leakcanary:leakcanary-android:1.3.1:36:9
	android:enabled
		ADDED from com.squareup.leakcanary:leakcanary-android:1.3.1:38:13
	android:label
		ADDED from com.squareup.leakcanary:leakcanary-android:1.3.1:40:13
	android:icon
		ADDED from com.squareup.leakcanary:leakcanary-android:1.3.1:39:13
	android:theme
		ADDED from com.squareup.leakcanary:leakcanary-android:1.3.1:42:13
	android:taskAffinity
		ADDED from com.squareup.leakcanary:leakcanary-android:1.3.1:41:13
	android:name
		ADDED from com.squareup.leakcanary:leakcanary-android:1.3.1:37:13